
> gatepass-next@0.1.0 build
> next build

   ▲ Next.js 16.0.10 (Turbopack)
   - Environments: .env.local

 ⚠ The "middleware" file convention is deprecated. Please use "proxy" instead. Learn more: https://nextjs.org/docs/messages/middleware-to-proxy
   Creating an optimized production build ...
 ✓ Compiled successfully in 7.0s
   Running TypeScript ...
   Collecting page data using 7 workers ...
 ⚠ Using edge runtime on a page currently disables static generation for that page
   Generating static pages using 7 workers (0/27) ...
   Generating static pages using 7 workers (6/27) 
   Generating static pages using 7 workers (13/27) 
   Generating static pages using 7 workers (20/27) 
 ✓ Generating static pages using 7 workers (27/27) in 530.1ms
   Finalizing page optimization ...

Route (app)
┌ ƒ /
├ ○ /_not-found
├ ƒ /admin
├ ƒ /admin/activity
├ ƒ /admin/events
├ ƒ /admin/events/[id]
├ ƒ /admin/financials
├ ƒ /admin/payouts
├ ƒ /admin/reports
├ ƒ /admin/settings
├ ƒ /admin/users
├ ƒ /admin/users/[id]
├ ƒ /api/debug/email
├ ƒ /api/paystack/initialize
├ ƒ /api/paystack/verify
├ ƒ /api/paystack/webhook
├ ƒ /api/reservations/[id]/download
├ ƒ /api/reservations/[id]/receipt
├ ƒ /api/tickets/[id]/download
├ ƒ /api/wallet/apple
├ ƒ /api/webhooks/paystack
├ ƒ /auth/callback
├ ƒ /checkout/[reservationId]
├ ○ /checkout/guest
├ ƒ /dashboard
├ ƒ /dashboard/activity
├ ƒ /dashboard/curate
├ ƒ /dashboard/customers
├ ƒ /dashboard/events
├ ƒ /dashboard/events/[id]
├ ƒ /dashboard/events/create
├ ƒ /dashboard/monitor
├ ƒ /dashboard/sales
├ ƒ /dashboard/scan
├ ƒ /dashboard/settings
├ ƒ /events/[slug]
├ ƒ /events/[slug]/opengraph-image
├ ○ /icon.png
├ ○ /login
├ ○ /onboarding
├ ○ /privacy-policy
├ ○ /robots.txt
├ ƒ /sitemap.xml
├ ○ /terms-of-service
├ ƒ /ticket/[id]
└ ƒ /tickets/[id]


ƒ Proxy (Middleware)

○  (Static)   prerendered as static content
ƒ  (Dynamic)  server-rendered on demand

